<?xml version="1.0" encoding="UTF-8"?>
<testng-results ignored="0" total="1" passed="1" failed="0" skipped="0">
  <reporter-output>
  </reporter-output>
  <suite started-at="2022-12-23T16:45:19 IST" name="Default suite" finished-at="2022-12-23T16:45:35 IST" duration-ms="15945">
    <groups>
    </groups>
    <test started-at="2022-12-23T16:45:19 IST" name="Default test" finished-at="2022-12-23T16:45:35 IST" duration-ms="15945">
      <class name="scripts.Tc1">
        <test-method is-config="true" signature="openApp()[pri:0, instance:scripts.Tc1@3c73951]" started-at="2022-12-23T16:45:19 IST" name="openApp" finished-at="2022-12-23T16:45:29 IST" duration-ms="10058" status="PASS">
          <reporter-output>
          </reporter-output>
        </test-method> <!-- openApp -->
        <test-method signature="gs()[pri:0, instance:scripts.Tc1@3c73951]" started-at="2022-12-23T16:45:29 IST" name="gs" finished-at="2022-12-23T16:45:35 IST" duration-ms="5388" status="PASS">
          <reporter-output>
          </reporter-output>
        </test-method> <!-- gs -->
        <test-method is-config="true" signature="closeApp(org.testng.ITestResult)[pri:0, instance:scripts.Tc1@3c73951]" started-at="2022-12-23T16:45:35 IST" name="closeApp" finished-at="2022-12-23T16:45:35 IST" duration-ms="416" status="PASS">
          <params>
            <param index="0">
              <value>
                <![CDATA[[TestResult name=gs status=SUCCESS method=Tc1.gs()[pri:0, instance:scripts.Tc1@3c73951] output={null}]]]>
              </value>
            </param>
          </params>
          <reporter-output>
          </reporter-output>
        </test-method> <!-- closeApp -->
      </class> <!-- scripts.Tc1 -->
    </test> <!-- Default test -->
  </suite> <!-- Default suite -->
</testng-results>
